This is pdfTeX, Version 3.141592653-2.6-1.40.26 (TeX Live 2025/dev/Debian) (preloaded format=pdflatex 2025.12.12)  12 DEC 2025 02:44
entering extended mode
 restricted \write18 enabled.
 %&-line parsing enabled.
**rapport_final_complet.tex
(./rapport_final_complet.tex
LaTeX2e <2024-11-01> patch level 2
L3 programming layer <2025-01-18>
(/usr/share/texlive/texmf-dist/tex/latex/base/article.cls
Document Class: article 2024/06/29 v1.4n Standard LaTeX document class
(/usr/share/texlive/texmf-dist/tex/latex/base/size12.clo
File: size12.clo 2024/06/29 v1.4n Standard LaTeX file (size option)
)
\c@part=\count196
\c@section=\count197
\c@subsection=\count198
\c@subsubsection=\count199
\c@paragraph=\count266
\c@subparagraph=\count267
\c@figure=\count268
\c@table=\count269
\abovecaptionskip=\skip49
\belowcaptionskip=\skip50
\bibindent=\dimen141
)
(/usr/share/texlive/texmf-dist/tex/latex/base/fontenc.sty
Package: fontenc 2021/04/29 v2.0v Standard LaTeX package
)
(/usr/share/texlive/texmf-dist/tex/latex/geometry/geometry.sty
Package: geometry 2020/01/02 v5.9 Page Geometry

(/usr/share/texlive/texmf-dist/tex/latex/graphics/keyval.sty
Package: keyval 2022/05/29 v1.15 key=value parser (DPC)
\KV@toks@=\toks17
)
(/usr/share/texlive/texmf-dist/tex/generic/iftex/ifvtex.sty
Package: ifvtex 2019/10/25 v1.7 ifvtex legacy package. Use iftex instead.

(/usr/share/texlive/texmf-dist/tex/generic/iftex/iftex.sty
Package: iftex 2024/12/12 v1.0g TeX engine tests
))
\Gm@cnth=\count270
\Gm@cntv=\count271
\c@Gm@tempcnt=\count272
\Gm@bindingoffset=\dimen142
\Gm@wd@mp=\dimen143
\Gm@odd@mp=\dimen144
\Gm@even@mp=\dimen145
\Gm@layoutwidth=\dimen146
\Gm@layoutheight=\dimen147
\Gm@layouthoffset=\dimen148
\Gm@layoutvoffset=\dimen149
\Gm@dimlist=\toks18
)
(/usr/share/texlive/texmf-dist/tex/latex/xcolor/xcolor.sty
Package: xcolor 2024/09/29 v3.02 LaTeX color extensions (UK)

(/usr/share/texlive/texmf-dist/tex/latex/graphics-cfg/color.cfg
File: color.cfg 2016/01/02 v1.6 sample color configuration
)
Package xcolor Info: Driver file: pdftex.def on input line 274.

(/usr/share/texlive/texmf-dist/tex/latex/graphics-def/pdftex.def
File: pdftex.def 2024/04/13 v1.2c Graphics/color driver for pdftex
)
(/usr/share/texlive/texmf-dist/tex/latex/graphics/mathcolor.ltx)
Package xcolor Info: Model `cmy' substituted by `cmy0' on input line 1349.
Package xcolor Info: Model `hsb' substituted by `rgb' on input line 1353.
Package xcolor Info: Model `RGB' extended on input line 1365.
Package xcolor Info: Model `HTML' substituted by `rgb' on input line 1367.
Package xcolor Info: Model `Hsb' substituted by `hsb' on input line 1368.
Package xcolor Info: Model `tHsb' substituted by `hsb' on input line 1369.
Package xcolor Info: Model `HSB' substituted by `hsb' on input line 1370.
Package xcolor Info: Model `Gray' substituted by `gray' on input line 1371.
Package xcolor Info: Model `wave' substituted by `hsb' on input line 1372.
)
(/usr/share/texlive/texmf-dist/tex/latex/colortbl/colortbl.sty
Package: colortbl 2024/07/06 v1.0i Color table columns (DPC)

(/usr/share/texlive/texmf-dist/tex/latex/tools/array.sty
Package: array 2024/10/17 v2.6g Tabular extension package (FMi)
\col@sep=\dimen150
\ar@mcellbox=\box52
\extrarowheight=\dimen151
\NC@list=\toks19
\extratabsurround=\skip51
\backup@length=\skip52
\ar@cellbox=\box53
)
\everycr=\toks20
\minrowclearance=\skip53
\rownum=\count273
)
(/usr/share/texlive/texmf-dist/tex/latex/fancyhdr/fancyhdr.sty
Package: fancyhdr 2025/02/07 v5.2 Extensive control of page headers and footers

\f@nch@headwidth=\skip54
\f@nch@offset@elh=\skip55
\f@nch@offset@erh=\skip56
\f@nch@offset@olh=\skip57
\f@nch@offset@orh=\skip58
\f@nch@offset@elf=\skip59
\f@nch@offset@erf=\skip60
\f@nch@offset@olf=\skip61
\f@nch@offset@orf=\skip62
\f@nch@height=\skip63
\f@nch@footalignment=\skip64
\f@nch@widthL=\skip65
\f@nch@widthC=\skip66
\f@nch@widthR=\skip67
\@temptokenb=\toks21
)
(/usr/share/texlive/texmf-dist/tex/latex/pgf/frontendlayer/tikz.sty
(/usr/share/texlive/texmf-dist/tex/latex/pgf/basiclayer/pgf.sty
(/usr/share/texlive/texmf-dist/tex/latex/pgf/utilities/pgfrcs.sty
(/usr/share/texlive/texmf-dist/tex/generic/pgf/utilities/pgfutil-common.tex
\pgfutil@everybye=\toks22
\pgfutil@tempdima=\dimen152
\pgfutil@tempdimb=\dimen153
)
(/usr/share/texlive/texmf-dist/tex/generic/pgf/utilities/pgfutil-latex.def
\pgfutil@abb=\box54
)
(/usr/share/texlive/texmf-dist/tex/generic/pgf/utilities/pgfrcs.code.tex
(/usr/share/texlive/texmf-dist/tex/generic/pgf/pgf.revision.tex)
Package: pgfrcs 2023-01-15 v3.1.10 (3.1.10)
))
Package: pgf 2023-01-15 v3.1.10 (3.1.10)

(/usr/share/texlive/texmf-dist/tex/latex/pgf/basiclayer/pgfcore.sty
(/usr/share/texlive/texmf-dist/tex/latex/graphics/graphicx.sty
Package: graphicx 2021/09/16 v1.2d Enhanced LaTeX Graphics (DPC,SPQR)

(/usr/share/texlive/texmf-dist/tex/latex/graphics/graphics.sty
Package: graphics 2024/08/06 v1.4g Standard LaTeX Graphics (DPC,SPQR)

(/usr/share/texlive/texmf-dist/tex/latex/graphics/trig.sty
Package: trig 2023/12/02 v1.11 sin cos tan (DPC)
)
(/usr/share/texlive/texmf-dist/tex/latex/graphics-cfg/graphics.cfg
File: graphics.cfg 2016/06/04 v1.11 sample graphics configuration
)
Package graphics Info: Driver file: pdftex.def on input line 106.
)
\Gin@req@height=\dimen154
\Gin@req@width=\dimen155
)
(/usr/share/texlive/texmf-dist/tex/latex/pgf/systemlayer/pgfsys.sty
(/usr/share/texlive/texmf-dist/tex/generic/pgf/systemlayer/pgfsys.code.tex
Package: pgfsys 2023-01-15 v3.1.10 (3.1.10)

(/usr/share/texlive/texmf-dist/tex/generic/pgf/utilities/pgfkeys.code.tex
\pgfkeys@pathtoks=\toks23
\pgfkeys@temptoks=\toks24

(/usr/share/texlive/texmf-dist/tex/generic/pgf/utilities/pgfkeyslibraryfiltered
.code.tex
\pgfkeys@tmptoks=\toks25
))
\pgf@x=\dimen156
\pgf@y=\dimen157
\pgf@xa=\dimen158
\pgf@ya=\dimen159
\pgf@xb=\dimen160
\pgf@yb=\dimen161
\pgf@xc=\dimen162
\pgf@yc=\dimen163
\pgf@xd=\dimen164
\pgf@yd=\dimen165
\w@pgf@writea=\write3
\r@pgf@reada=\read2
\c@pgf@counta=\count274
\c@pgf@countb=\count275
\c@pgf@countc=\count276
\c@pgf@countd=\count277
\t@pgf@toka=\toks26
\t@pgf@tokb=\toks27
\t@pgf@tokc=\toks28
\pgf@sys@id@count=\count278
 (/usr/share/texlive/texmf-dist/tex/generic/pgf/systemlayer/pgf.cfg
File: pgf.cfg 2023-01-15 v3.1.10 (3.1.10)
)
Driver file for pgf: pgfsys-pdftex.def
(/usr/share/texlive/texmf-dist/tex/generic/pgf/systemlayer/pgfsys-pdftex.def
File: pgfsys-pdftex.def 2023-01-15 v3.1.10 (3.1.10)

(/usr/share/texlive/texmf-dist/tex/generic/pgf/systemlayer/pgfsys-common-pdf.de
f
File: pgfsys-common-pdf.def 2023-01-15 v3.1.10 (3.1.10)
)))
(/usr/share/texlive/texmf-dist/tex/generic/pgf/systemlayer/pgfsyssoftpath.code.
tex
File: pgfsyssoftpath.code.tex 2023-01-15 v3.1.10 (3.1.10)
\pgfsyssoftpath@smallbuffer@items=\count279
\pgfsyssoftpath@bigbuffer@items=\count280
)
(/usr/share/texlive/texmf-dist/tex/generic/pgf/systemlayer/pgfsysprotocol.code.
tex
File: pgfsysprotocol.code.tex 2023-01-15 v3.1.10 (3.1.10)
))
(/usr/share/texlive/texmf-dist/tex/generic/pgf/basiclayer/pgfcore.code.tex
Package: pgfcore 2023-01-15 v3.1.10 (3.1.10)

(/usr/share/texlive/texmf-dist/tex/generic/pgf/math/pgfmath.code.tex
(/usr/share/texlive/texmf-dist/tex/generic/pgf/math/pgfmathutil.code.tex)
(/usr/share/texlive/texmf-dist/tex/generic/pgf/math/pgfmathparser.code.tex
\pgfmath@dimen=\dimen166
\pgfmath@count=\count281
\pgfmath@box=\box55
\pgfmath@toks=\toks29
\pgfmath@stack@operand=\toks30
\pgfmath@stack@operation=\toks31
)
(/usr/share/texlive/texmf-dist/tex/generic/pgf/math/pgfmathfunctions.code.tex)
(/usr/share/texlive/texmf-dist/tex/generic/pgf/math/pgfmathfunctions.basic.code
.tex)
(/usr/share/texlive/texmf-dist/tex/generic/pgf/math/pgfmathfunctions.trigonomet
ric.code.tex)
(/usr/share/texlive/texmf-dist/tex/generic/pgf/math/pgfmathfunctions.random.cod
e.tex)
(/usr/share/texlive/texmf-dist/tex/generic/pgf/math/pgfmathfunctions.comparison
.code.tex)
(/usr/share/texlive/texmf-dist/tex/generic/pgf/math/pgfmathfunctions.base.code.
tex)
(/usr/share/texlive/texmf-dist/tex/generic/pgf/math/pgfmathfunctions.round.code
.tex)
(/usr/share/texlive/texmf-dist/tex/generic/pgf/math/pgfmathfunctions.misc.code.
tex)
(/usr/share/texlive/texmf-dist/tex/generic/pgf/math/pgfmathfunctions.integerari
thmetics.code.tex)
(/usr/share/texlive/texmf-dist/tex/generic/pgf/math/pgfmathcalc.code.tex)
(/usr/share/texlive/texmf-dist/tex/generic/pgf/math/pgfmathfloat.code.tex
\c@pgfmathroundto@lastzeros=\count282
))
(/usr/share/texlive/texmf-dist/tex/generic/pgf/math/pgfint.code.tex)
(/usr/share/texlive/texmf-dist/tex/generic/pgf/basiclayer/pgfcorepoints.code.te
x
File: pgfcorepoints.code.tex 2023-01-15 v3.1.10 (3.1.10)
\pgf@picminx=\dimen167
\pgf@picmaxx=\dimen168
\pgf@picminy=\dimen169
\pgf@picmaxy=\dimen170
\pgf@pathminx=\dimen171
\pgf@pathmaxx=\dimen172
\pgf@pathminy=\dimen173
\pgf@pathmaxy=\dimen174
\pgf@xx=\dimen175
\pgf@xy=\dimen176
\pgf@yx=\dimen177
\pgf@yy=\dimen178
\pgf@zx=\dimen179
\pgf@zy=\dimen180
)
(/usr/share/texlive/texmf-dist/tex/generic/pgf/basiclayer/pgfcorepathconstruct.
code.tex
File: pgfcorepathconstruct.code.tex 2023-01-15 v3.1.10 (3.1.10)
\pgf@path@lastx=\dimen181
\pgf@path@lasty=\dimen182
)
(/usr/share/texlive/texmf-dist/tex/generic/pgf/basiclayer/pgfcorepathusage.code
.tex
File: pgfcorepathusage.code.tex 2023-01-15 v3.1.10 (3.1.10)
\pgf@shorten@end@additional=\dimen183
\pgf@shorten@start@additional=\dimen184
)
(/usr/share/texlive/texmf-dist/tex/generic/pgf/basiclayer/pgfcorescopes.code.te
x
File: pgfcorescopes.code.tex 2023-01-15 v3.1.10 (3.1.10)
\pgfpic=\box56
\pgf@hbox=\box57
\pgf@layerbox@main=\box58
\pgf@picture@serial@count=\count283
)
(/usr/share/texlive/texmf-dist/tex/generic/pgf/basiclayer/pgfcoregraphicstate.c
ode.tex
File: pgfcoregraphicstate.code.tex 2023-01-15 v3.1.10 (3.1.10)
\pgflinewidth=\dimen185
)
(/usr/share/texlive/texmf-dist/tex/generic/pgf/basiclayer/pgfcoretransformation
s.code.tex
File: pgfcoretransformations.code.tex 2023-01-15 v3.1.10 (3.1.10)
\pgf@pt@x=\dimen186
\pgf@pt@y=\dimen187
\pgf@pt@temp=\dimen188
)
(/usr/share/texlive/texmf-dist/tex/generic/pgf/basiclayer/pgfcorequick.code.tex
File: pgfcorequick.code.tex 2023-01-15 v3.1.10 (3.1.10)
)
(/usr/share/texlive/texmf-dist/tex/generic/pgf/basiclayer/pgfcoreobjects.code.t
ex
File: pgfcoreobjects.code.tex 2023-01-15 v3.1.10 (3.1.10)
)
(/usr/share/texlive/texmf-dist/tex/generic/pgf/basiclayer/pgfcorepathprocessing
.code.tex
File: pgfcorepathprocessing.code.tex 2023-01-15 v3.1.10 (3.1.10)
)
(/usr/share/texlive/texmf-dist/tex/generic/pgf/basiclayer/pgfcorearrows.code.te
x
File: pgfcorearrows.code.tex 2023-01-15 v3.1.10 (3.1.10)
\pgfarrowsep=\dimen189
)
(/usr/share/texlive/texmf-dist/tex/generic/pgf/basiclayer/pgfcoreshade.code.tex
File: pgfcoreshade.code.tex 2023-01-15 v3.1.10 (3.1.10)
\pgf@max=\dimen190
\pgf@sys@shading@range@num=\count284
\pgf@shadingcount=\count285
)
(/usr/share/texlive/texmf-dist/tex/generic/pgf/basiclayer/pgfcoreimage.code.tex
File: pgfcoreimage.code.tex 2023-01-15 v3.1.10 (3.1.10)
)
(/usr/share/texlive/texmf-dist/tex/generic/pgf/basiclayer/pgfcoreexternal.code.
tex
File: pgfcoreexternal.code.tex 2023-01-15 v3.1.10 (3.1.10)
\pgfexternal@startupbox=\box59
)
(/usr/share/texlive/texmf-dist/tex/generic/pgf/basiclayer/pgfcorelayers.code.te
x
File: pgfcorelayers.code.tex 2023-01-15 v3.1.10 (3.1.10)
)
(/usr/share/texlive/texmf-dist/tex/generic/pgf/basiclayer/pgfcoretransparency.c
ode.tex
File: pgfcoretransparency.code.tex 2023-01-15 v3.1.10 (3.1.10)
)
(/usr/share/texlive/texmf-dist/tex/generic/pgf/basiclayer/pgfcorepatterns.code.
tex
File: pgfcorepatterns.code.tex 2023-01-15 v3.1.10 (3.1.10)
)
(/usr/share/texlive/texmf-dist/tex/generic/pgf/basiclayer/pgfcorerdf.code.tex
File: pgfcorerdf.code.tex 2023-01-15 v3.1.10 (3.1.10)
)))
(/usr/share/texlive/texmf-dist/tex/generic/pgf/modules/pgfmoduleshapes.code.tex
File: pgfmoduleshapes.code.tex 2023-01-15 v3.1.10 (3.1.10)
\pgfnodeparttextbox=\box60
) (/usr/share/texlive/texmf-dist/tex/generic/pgf/modules/pgfmoduleplot.code.tex
File: pgfmoduleplot.code.tex 2023-01-15 v3.1.10 (3.1.10)
)
(/usr/share/texlive/texmf-dist/tex/latex/pgf/compatibility/pgfcomp-version-0-65
.sty
Package: pgfcomp-version-0-65 2023-01-15 v3.1.10 (3.1.10)
\pgf@nodesepstart=\dimen191
\pgf@nodesepend=\dimen192
)
(/usr/share/texlive/texmf-dist/tex/latex/pgf/compatibility/pgfcomp-version-1-18
.sty
Package: pgfcomp-version-1-18 2023-01-15 v3.1.10 (3.1.10)
)) (/usr/share/texlive/texmf-dist/tex/latex/pgf/utilities/pgffor.sty
(/usr/share/texlive/texmf-dist/tex/latex/pgf/utilities/pgfkeys.sty
(/usr/share/texlive/texmf-dist/tex/generic/pgf/utilities/pgfkeys.code.tex))
(/usr/share/texlive/texmf-dist/tex/latex/pgf/math/pgfmath.sty
(/usr/share/texlive/texmf-dist/tex/generic/pgf/math/pgfmath.code.tex))
(/usr/share/texlive/texmf-dist/tex/generic/pgf/utilities/pgffor.code.tex
Package: pgffor 2023-01-15 v3.1.10 (3.1.10)
\pgffor@iter=\dimen193
\pgffor@skip=\dimen194
\pgffor@stack=\toks32
\pgffor@toks=\toks33
))
(/usr/share/texlive/texmf-dist/tex/generic/pgf/frontendlayer/tikz/tikz.code.tex
Package: tikz 2023-01-15 v3.1.10 (3.1.10)

(/usr/share/texlive/texmf-dist/tex/generic/pgf/libraries/pgflibraryplothandlers
.code.tex
File: pgflibraryplothandlers.code.tex 2023-01-15 v3.1.10 (3.1.10)
\pgf@plot@mark@count=\count286
\pgfplotmarksize=\dimen195
)
\tikz@lastx=\dimen196
\tikz@lasty=\dimen197
\tikz@lastxsaved=\dimen198
\tikz@lastysaved=\dimen199
\tikz@lastmovetox=\dimen256
\tikz@lastmovetoy=\dimen257
\tikzleveldistance=\dimen258
\tikzsiblingdistance=\dimen259
\tikz@figbox=\box61
\tikz@figbox@bg=\box62
\tikz@tempbox=\box63
\tikz@tempbox@bg=\box64
\tikztreelevel=\count287
\tikznumberofchildren=\count288
\tikznumberofcurrentchild=\count289
\tikz@fig@count=\count290

(/usr/share/texlive/texmf-dist/tex/generic/pgf/modules/pgfmodulematrix.code.tex
File: pgfmodulematrix.code.tex 2023-01-15 v3.1.10 (3.1.10)
\pgfmatrixcurrentrow=\count291
\pgfmatrixcurrentcolumn=\count292
\pgf@matrix@numberofcolumns=\count293
)
\tikz@expandcount=\count294

(/usr/share/texlive/texmf-dist/tex/generic/pgf/frontendlayer/tikz/libraries/tik
zlibrarytopaths.code.tex
File: tikzlibrarytopaths.code.tex 2023-01-15 v3.1.10 (3.1.10)
)))
(/usr/share/texlive/texmf-dist/tex/latex/amsmath/amsmath.sty
Package: amsmath 2024/11/05 v2.17t AMS math features
\@mathmargin=\skip68

For additional information on amsmath, use the `?' option.
(/usr/share/texlive/texmf-dist/tex/latex/amsmath/amstext.sty
Package: amstext 2021/08/26 v2.01 AMS text

(/usr/share/texlive/texmf-dist/tex/latex/amsmath/amsgen.sty
File: amsgen.sty 1999/11/30 v2.0 generic functions
\@emptytoks=\toks34
\ex@=\dimen260
))
(/usr/share/texlive/texmf-dist/tex/latex/amsmath/amsbsy.sty
Package: amsbsy 1999/11/29 v1.2d Bold Symbols
\pmbraise@=\dimen261
)
(/usr/share/texlive/texmf-dist/tex/latex/amsmath/amsopn.sty
Package: amsopn 2022/04/08 v2.04 operator names
)
\inf@bad=\count295
LaTeX Info: Redefining \frac on input line 233.
\uproot@=\count296
\leftroot@=\count297
LaTeX Info: Redefining \overline on input line 398.
LaTeX Info: Redefining \colon on input line 409.
\classnum@=\count298
\DOTSCASE@=\count299
LaTeX Info: Redefining \ldots on input line 495.
LaTeX Info: Redefining \dots on input line 498.
LaTeX Info: Redefining \cdots on input line 619.
\Mathstrutbox@=\box65
\strutbox@=\box66
LaTeX Info: Redefining \big on input line 721.
LaTeX Info: Redefining \Big on input line 722.
LaTeX Info: Redefining \bigg on input line 723.
LaTeX Info: Redefining \Bigg on input line 724.
\big@size=\dimen262
LaTeX Font Info:    Redeclaring font encoding OML on input line 742.
LaTeX Font Info:    Redeclaring font encoding OMS on input line 743.
\macc@depth=\count300
LaTeX Info: Redefining \bmod on input line 904.
LaTeX Info: Redefining \pmod on input line 909.
LaTeX Info: Redefining \smash on input line 939.
LaTeX Info: Redefining \relbar on input line 969.
LaTeX Info: Redefining \Relbar on input line 970.
\c@MaxMatrixCols=\count301
\dotsspace@=\muskip17
\c@parentequation=\count302
\dspbrk@lvl=\count303
\tag@help=\toks35
\row@=\count304
\column@=\count305
\maxfields@=\count306
\andhelp@=\toks36
\eqnshift@=\dimen263
\alignsep@=\dimen264
\tagshift@=\dimen265
\tagwidth@=\dimen266
\totwidth@=\dimen267
\lineht@=\dimen268
\@envbody=\toks37
\multlinegap=\skip69
\multlinetaggap=\skip70
\mathdisplay@stack=\toks38
LaTeX Info: Redefining \[ on input line 2953.
LaTeX Info: Redefining \] on input line 2954.
)
(/usr/share/texlive/texmf-dist/tex/latex/amsfonts/amssymb.sty
Package: amssymb 2013/01/14 v3.01 AMS font symbols

(/usr/share/texlive/texmf-dist/tex/latex/amsfonts/amsfonts.sty
Package: amsfonts 2013/01/14 v3.01 Basic AMSFonts support
\symAMSa=\mathgroup4
\symAMSb=\mathgroup5
LaTeX Font Info:    Redeclaring math symbol \hbar on input line 98.
LaTeX Font Info:    Overwriting math alphabet `\mathfrak' in version `bold'
(Font)                  U/euf/m/n --> U/euf/b/n on input line 106.
))
(/usr/share/texlive/texmf-dist/tex/latex/tools/tabularx.sty
Package: tabularx 2023/12/11 v2.12a `tabularx' package (DPC)
\TX@col@width=\dimen269
\TX@old@table=\dimen270
\TX@old@col=\dimen271
\TX@target=\dimen272
\TX@delta=\dimen273
\TX@cols=\count307
\TX@ftn=\toks39
)
(/usr/share/texlive/texmf-dist/tex/latex/booktabs/booktabs.sty
Package: booktabs 2020/01/12 v1.61803398 Publication quality tables
\heavyrulewidth=\dimen274
\lightrulewidth=\dimen275
\cmidrulewidth=\dimen276
\belowrulesep=\dimen277
\belowbottomsep=\dimen278
\aboverulesep=\dimen279
\abovetopsep=\dimen280
\cmidrulesep=\dimen281
\cmidrulekern=\dimen282
\defaultaddspace=\dimen283
\@cmidla=\count308
\@cmidlb=\count309
\@aboverulesep=\dimen284
\@belowrulesep=\dimen285
\@thisruleclass=\count310
\@lastruleclass=\count311
\@thisrulewidth=\dimen286
)
(/usr/share/texlive/texmf-dist/tex/latex/hyperref/hyperref.sty
Package: hyperref 2024-11-05 v7.01l Hypertext links for LaTeX

(/usr/share/texlive/texmf-dist/tex/latex/kvsetkeys/kvsetkeys.sty
Package: kvsetkeys 2022-10-05 v1.19 Key value parser (HO)
)
(/usr/share/texlive/texmf-dist/tex/generic/kvdefinekeys/kvdefinekeys.sty
Package: kvdefinekeys 2019-12-19 v1.6 Define keys (HO)
)
(/usr/share/texlive/texmf-dist/tex/generic/pdfescape/pdfescape.sty
Package: pdfescape 2019/12/09 v1.15 Implements pdfTeX's escape features (HO)

(/usr/share/texlive/texmf-dist/tex/generic/ltxcmds/ltxcmds.sty
Package: ltxcmds 2023-12-04 v1.26 LaTeX kernel commands for general use (HO)
)
(/usr/share/texlive/texmf-dist/tex/generic/pdftexcmds/pdftexcmds.sty
Package: pdftexcmds 2020-06-27 v0.33 Utility functions of pdfTeX for LuaTeX (HO
)

(/usr/share/texlive/texmf-dist/tex/generic/infwarerr/infwarerr.sty
Package: infwarerr 2019/12/03 v1.5 Providing info/warning/error messages (HO)
)
Package pdftexcmds Info: \pdf@primitive is available.
Package pdftexcmds Info: \pdf@ifprimitive is available.
Package pdftexcmds Info: \pdfdraftmode found.
))
(/usr/share/texlive/texmf-dist/tex/latex/hycolor/hycolor.sty
Package: hycolor 2020-01-27 v1.10 Color options for hyperref/bookmark (HO)
)
(/usr/share/texlive/texmf-dist/tex/latex/hyperref/nameref.sty
Package: nameref 2023-11-26 v2.56 Cross-referencing by name of section

(/usr/share/texlive/texmf-dist/tex/latex/refcount/refcount.sty
Package: refcount 2019/12/15 v3.6 Data extraction from label references (HO)
)
(/usr/share/texlive/texmf-dist/tex/generic/gettitlestring/gettitlestring.sty
Package: gettitlestring 2019/12/15 v1.6 Cleanup title references (HO)

(/usr/share/texlive/texmf-dist/tex/latex/kvoptions/kvoptions.sty
Package: kvoptions 2022-06-15 v3.15 Key value format for package options (HO)
))
\c@section@level=\count312
)
(/usr/share/texlive/texmf-dist/tex/latex/etoolbox/etoolbox.sty
Package: etoolbox 2025/02/11 v2.5l e-TeX tools for LaTeX (JAW)
\etb@tempcnta=\count313
)
(/usr/share/texlive/texmf-dist/tex/generic/stringenc/stringenc.sty
Package: stringenc 2019/11/29 v1.12 Convert strings between diff. encodings (HO
)
)
\@linkdim=\dimen287
\Hy@linkcounter=\count314
\Hy@pagecounter=\count315

(/usr/share/texlive/texmf-dist/tex/latex/hyperref/pd1enc.def
File: pd1enc.def 2024-11-05 v7.01l Hyperref: PDFDocEncoding definition (HO)
Now handling font encoding PD1 ...
... no UTF-8 mapping file for font encoding PD1
)
(/usr/share/texlive/texmf-dist/tex/generic/intcalc/intcalc.sty
Package: intcalc 2019/12/15 v1.3 Expandable calculations with integers (HO)
)
\Hy@SavedSpaceFactor=\count316

(/usr/share/texlive/texmf-dist/tex/latex/hyperref/puenc.def
File: puenc.def 2024-11-05 v7.01l Hyperref: PDF Unicode definition (HO)
Now handling font encoding PU ...
... no UTF-8 mapping file for font encoding PU
)
Package hyperref Info: Hyper figures OFF on input line 4157.
Package hyperref Info: Link nesting OFF on input line 4162.
Package hyperref Info: Hyper index ON on input line 4165.
Package hyperref Info: Plain pages OFF on input line 4172.
Package hyperref Info: Backreferencing OFF on input line 4177.
Package hyperref Info: Implicit mode ON; LaTeX internals redefined.
Package hyperref Info: Bookmarks ON on input line 4424.
\c@Hy@tempcnt=\count317

(/usr/share/texlive/texmf-dist/tex/latex/url/url.sty
\Urlmuskip=\muskip18
Package: url 2013/09/16  ver 3.4  Verb mode for urls, etc.
)
LaTeX Info: Redefining \url on input line 4763.
\XeTeXLinkMargin=\dimen288

(/usr/share/texlive/texmf-dist/tex/generic/bitset/bitset.sty
Package: bitset 2019/12/09 v1.3 Handle bit-vector datatype (HO)

(/usr/share/texlive/texmf-dist/tex/generic/bigintcalc/bigintcalc.sty
Package: bigintcalc 2019/12/15 v1.5 Expandable calculations on big integers (HO
)
))
\Fld@menulength=\count318
\Field@Width=\dimen289
\Fld@charsize=\dimen290
Package hyperref Info: Hyper figures OFF on input line 6042.
Package hyperref Info: Link nesting OFF on input line 6047.
Package hyperref Info: Hyper index ON on input line 6050.
Package hyperref Info: backreferencing OFF on input line 6057.
Package hyperref Info: Link coloring OFF on input line 6062.
Package hyperref Info: Link coloring with OCG OFF on input line 6067.
Package hyperref Info: PDF/A mode OFF on input line 6072.

(/usr/share/texlive/texmf-dist/tex/latex/base/atbegshi-ltx.sty
Package: atbegshi-ltx 2021/01/10 v1.0c Emulation of the original atbegshi
package with kernel methods
)
\Hy@abspage=\count319
\c@Item=\count320
\c@Hfootnote=\count321
)
Package hyperref Info: Driver (autodetected): hpdftex.

(/usr/share/texlive/texmf-dist/tex/latex/hyperref/hpdftex.def
File: hpdftex.def 2024-11-05 v7.01l Hyperref driver for pdfTeX

(/usr/share/texlive/texmf-dist/tex/latex/base/atveryend-ltx.sty
Package: atveryend-ltx 2020/08/19 v1.0a Emulation of the original atveryend pac
kage
with kernel methods
)
\Fld@listcount=\count322
\c@bookmark@seq@number=\count323

(/usr/share/texlive/texmf-dist/tex/latex/rerunfilecheck/rerunfilecheck.sty
Package: rerunfilecheck 2022-07-10 v1.10 Rerun checks for auxiliary files (HO)

(/usr/share/texlive/texmf-dist/tex/generic/uniquecounter/uniquecounter.sty
Package: uniquecounter 2019/12/15 v1.4 Provide unlimited unique counter (HO)
)
Package uniquecounter Info: New unique counter `rerunfilecheck' on input line 2
85.
)
\Hy@SectionHShift=\skip71
)
(/usr/share/texlive/texmf-dist/tex/latex/float/float.sty
Package: float 2001/11/08 v1.3d Float enhancements (AL)
\c@float@type=\count324
\float@exts=\toks40
\float@box=\box67
\@float@everytoks=\toks41
\@floatcapt=\box68
)
(/usr/share/texlive/texmf-dist/tex/latex/caption/caption.sty
Package: caption 2023/08/05 v3.6o Customizing captions (AR)

(/usr/share/texlive/texmf-dist/tex/latex/caption/caption3.sty
Package: caption3 2023/07/31 v2.4d caption3 kernel (AR)
\caption@tempdima=\dimen291
\captionmargin=\dimen292
\caption@leftmargin=\dimen293
\caption@rightmargin=\dimen294
\caption@width=\dimen295
\caption@indent=\dimen296
\caption@parindent=\dimen297
\caption@hangindent=\dimen298
Package caption Info: Standard document class detected.
)
\c@caption@flags=\count325
\c@continuedfloat=\count326
Package caption Info: float package is loaded.
Package caption Info: hyperref package is loaded.
)
(/usr/share/texlive/texmf-dist/tex/latex/lastpage/lastpage.sty
Package: lastpage 2025/01/27 v2.1e lastpage: 2.09 or 2e? (HMM)

(/usr/share/texlive/texmf-dist/tex/latex/lastpage/lastpage2e.sty
Package: lastpage2e 2025/01/27 v2.1e Decide which 2e lastpage version to use (H
MM)

(/usr/share/texlive/texmf-dist/tex/latex/lastpage/lastpagemodern.sty
Package: lastpagemodern 2025-01-27 v2.1e Refers to last page's name (HMM; JPG)
\c@lastpagecount=\count327
) 
)) (/usr/share/texlive/texmf-dist/tex/generic/soul/soul.sty
Package: soul 2023-06-14 v3.1 Permit use of UTF-8 characters in soul (HO)

(/usr/share/texlive/texmf-dist/tex/generic/soul/soul-ori.sty
Package: soul-ori 2023-06-14 v3.1 letterspacing/underlining (mf)
\SOUL@word=\toks42
\SOUL@lasttoken=\toks43
\SOUL@syllable=\toks44
\SOUL@cmds=\toks45
\SOUL@buffer=\toks46
\SOUL@token=\toks47
\SOUL@syllgoal=\dimen299
\SOUL@syllwidth=\dimen300
\SOUL@charkern=\dimen301
\SOUL@hyphkern=\dimen302
\SOUL@dimen=\dimen303
\SOUL@dimeni=\dimen304
\SOUL@minus=\count328
\SOUL@comma=\count329
\SOUL@apo=\count330
\SOUL@grave=\count331
\SOUL@spaceskip=\skip72
\SOUL@ttwidth=\dimen305
\SOUL@uldp=\dimen306
\SOUL@ulht=\dimen307
)
(/usr/share/texlive/texmf-dist/tex/generic/etexcmds/etexcmds.sty
Package: etexcmds 2019/12/15 v1.7 Avoid name clashes with e-TeX commands (HO)
))
(/usr/share/texlive/texmf-dist/tex/latex/adjustbox/adjustbox.sty
Package: adjustbox 2025/02/26 v1.3c Adjusting TeX boxes (trim, clip, ...)

(/usr/share/texlive/texmf-dist/tex/latex/xkeyval/xkeyval.sty
Package: xkeyval 2022/06/16 v2.9 package option processing (HA)

(/usr/share/texlive/texmf-dist/tex/generic/xkeyval/xkeyval.tex
(/usr/share/texlive/texmf-dist/tex/generic/xkeyval/xkvutils.tex
\XKV@toks=\toks48
\XKV@tempa@toks=\toks49
)
\XKV@depth=\count332
File: xkeyval.tex 2014/12/03 v2.7a key=value parser (HA)
))
(/usr/share/texlive/texmf-dist/tex/latex/adjustbox/adjcalc.sty
Package: adjcalc 2012/05/16 v1.1 Provides advanced setlength with multiple back
-ends (calc, etex, pgfmath)
)
(/usr/share/texlive/texmf-dist/tex/latex/adjustbox/trimclip.sty
Package: trimclip 2025/02/21 v1.2a Trim and clip general TeX material

(/usr/share/texlive/texmf-dist/tex/latex/collectbox/collectbox.sty
Package: collectbox 2022/10/17 v0.4c Collect macro arguments as boxes
\collectedbox=\box69
)
\tc@llx=\dimen308
\tc@lly=\dimen309
\tc@urx=\dimen310
\tc@ury=\dimen311
Package trimclip Info: Using driver 'tc-pdftex.def'.

(/usr/share/texlive/texmf-dist/tex/latex/adjustbox/tc-pdftex.def
File: tc-pdftex.def 2025/02/26 v2.3 Clipping driver for pdftex
))
\adjbox@Width=\dimen312
\adjbox@Height=\dimen313
\adjbox@Depth=\dimen314
\adjbox@Totalheight=\dimen315
\adjbox@pwidth=\dimen316
\adjbox@pheight=\dimen317
\adjbox@pdepth=\dimen318
\adjbox@ptotalheight=\dimen319

(/usr/share/texlive/texmf-dist/tex/latex/ifoddpage/ifoddpage.sty
Package: ifoddpage 2022/10/18 v1.2 Conditionals for odd/even page detection
\c@checkoddpage=\count333
)
(/usr/share/texlive/texmf-dist/tex/latex/varwidth/varwidth.sty
Package: varwidth 2009/03/30 ver 0.92;  Variable-width minipages
\@vwid@box=\box70
\sift@deathcycles=\count334
\@vwid@loff=\dimen320
\@vwid@roff=\dimen321
))
(/usr/share/texlive/texmf-dist/tex/latex/tools/multicol.sty
Package: multicol 2024/09/14 v1.9i multicolumn formatting (FMi)
\c@tracingmulticols=\count335
\mult@box=\box71
\multicol@leftmargin=\dimen322
\c@unbalance=\count336
\c@collectmore=\count337
\doublecol@number=\count338
\multicoltolerance=\count339
\multicolpretolerance=\count340
\full@width=\dimen323
\page@free=\dimen324
\premulticols=\dimen325
\postmulticols=\dimen326
\multicolsep=\skip73
\multicolbaselineskip=\skip74
\partial@page=\box72
\last@line=\box73
\mc@boxedresult=\box74
\maxbalancingoverflow=\dimen327
\mult@rightbox=\box75
\mult@grightbox=\box76
\mult@firstbox=\box77
\mult@gfirstbox=\box78
\@tempa=\box79
\@tempa=\box80
\@tempa=\box81
\@tempa=\box82
\@tempa=\box83
\@tempa=\box84
\@tempa=\box85
\@tempa=\box86
\@tempa=\box87
\@tempa=\box88
\@tempa=\box89
\@tempa=\box90
\@tempa=\box91
\@tempa=\box92
\@tempa=\box93
\@tempa=\box94
\@tempa=\box95
\@tempa=\box96
\@tempa=\box97
\@tempa=\box98
\@tempa=\box99
\@tempa=\box100
\@tempa=\box101
\@tempa=\box102
\@tempa=\box103
\@tempa=\box104
\@tempa=\box105
\@tempa=\box106
\@tempa=\box107
\@tempa=\box108
\@tempa=\box109
\@tempa=\box110
\@tempa=\box111
\@tempa=\box112
\@tempa=\box113
\@tempa=\box114
\c@minrows=\count341
\c@columnbadness=\count342
\c@finalcolumnbadness=\count343
\last@try=\dimen328
\multicolovershoot=\dimen329
\multicolundershoot=\dimen330
\mult@nat@firstbox=\box115
\colbreak@box=\box116
\mc@col@check@num=\count344
)
(/usr/share/texlive/texmf-dist/tex/latex/paracol/paracol.sty
Package: paracol 2024/10/22 1.36 typeset columns in parallel
\pcol@currcol=\count345
\pcol@nextcol=\count346
\pcol@ncol=\count347
\pcol@ncolleft=\count348
\pcol@page=\count349
\pcol@basepage=\count350
\pcol@toppage=\count351
\pcol@footnotebase=\count352
\pcol@nfootnotes=\count353
\pcol@mcid=\count354
\pcol@prevdepth=\dimen331
\pcol@colht=\dimen332
\pcol@textfloatsep=\dimen333
\pcol@lrmargin=\dimen334
\pagerim=\dimen335
\pcol@topskip=\skip75
\belowfootnoteskip=\skip76
\pcol@topfnotes=\box117
\pcol@prespan=\box118
\pcol@rightpage=\box119
\pcol@colorstack@saved=\box120
\pcol@tempboxa=\box121
\pcol@tempboxb=\box122
\pcol@colorins=\insert252
\pcol@everyvbox=\toks50
)
Package hyperref Info: Option `colorlinks' set `true' on input line 63.

(/usr/share/texlive/texmf-dist/tex/latex/l3backend/l3backend-pdftex.def
File: l3backend-pdftex.def 2024-05-08 L3 backend support: PDF output (pdfTeX)
\l__color_backend_stack_int=\count355
\l__pdf_internal_box=\box123
)
(./rapport_final_complet.aux)
\openout1 = `rapport_final_complet.aux'.

LaTeX Font Info:    Checking defaults for OML/cmm/m/it on input line 75.
LaTeX Font Info:    ... okay on input line 75.
LaTeX Font Info:    Checking defaults for OMS/cmsy/m/n on input line 75.
LaTeX Font Info:    ... okay on input line 75.
LaTeX Font Info:    Checking defaults for OT1/cmr/m/n on input line 75.
LaTeX Font Info:    ... okay on input line 75.
LaTeX Font Info:    Checking defaults for T1/cmr/m/n on input line 75.
LaTeX Font Info:    ... okay on input line 75.
LaTeX Font Info:    Checking defaults for TS1/cmr/m/n on input line 75.
LaTeX Font Info:    ... okay on input line 75.
LaTeX Font Info:    Checking defaults for OMX/cmex/m/n on input line 75.
LaTeX Font Info:    ... okay on input line 75.
LaTeX Font Info:    Checking defaults for U/cmr/m/n on input line 75.
LaTeX Font Info:    ... okay on input line 75.
LaTeX Font Info:    Checking defaults for PD1/pdf/m/n on input line 75.
LaTeX Font Info:    ... okay on input line 75.
LaTeX Font Info:    Checking defaults for PU/pdf/m/n on input line 75.
LaTeX Font Info:    ... okay on input line 75.

*geometry* driver: auto-detecting
*geometry* detected driver: pdftex
*geometry* verbose mode - [ preamble ] result:
* driver: pdftex
* paper: a4paper
* layout: <same size as paper>
* layoutoffset:(h,v)=(0.0pt,0.0pt)
* modes: 
* h-part:(L,W,R)=(34.14322pt, 529.22144pt, 34.14322pt)
* v-part:(T,H,B)=(28.45274pt, 788.14136pt, 28.45274pt)
* \paperwidth=597.50787pt
* \paperheight=845.04684pt
* \textwidth=529.22144pt
* \textheight=788.14136pt
* \oddsidemargin=-38.12677pt
* \evensidemargin=-38.12677pt
* \topmargin=-63.73407pt
* \headheight=14.22636pt
* \headsep=5.69046pt
* \topskip=12.0pt
* \footskip=30.0pt
* \marginparwidth=35.0pt
* \marginparsep=10.0pt
* \columnsep=10.0pt
* \skip\footins=10.8pt plus 4.0pt minus 2.0pt
* \hoffset=0.0pt
* \voffset=0.0pt
* \mag=1000
* \@twocolumnfalse
* \@twosidefalse
* \@mparswitchfalse
* \@reversemarginfalse
* (1in=72.27pt=25.4mm, 1cm=28.453pt)

(/usr/share/texlive/texmf-dist/tex/context/base/mkii/supp-pdf.mkii
[Loading MPS to PDF converter (version 2006.09.02).]
\scratchcounter=\count356
\scratchdimen=\dimen336
\scratchbox=\box124
\nofMPsegments=\count357
\nofMParguments=\count358
\everyMPshowfont=\toks51
\MPscratchCnt=\count359
\MPscratchDim=\dimen337
\MPnumerator=\count360
\makeMPintoPDFobject=\count361
\everyMPtoPDFconversion=\toks52
) (/usr/share/texlive/texmf-dist/tex/latex/epstopdf-pkg/epstopdf-base.sty
Package: epstopdf-base 2020-01-24 v2.11 Base part for package epstopdf
Package epstopdf-base Info: Redefining graphics rule for `.eps' on input line 4
85.

(/usr/share/texlive/texmf-dist/tex/latex/latexconfig/epstopdf-sys.cfg
File: epstopdf-sys.cfg 2010/07/13 v1.3 Configuration of (r)epstopdf for TeX Liv
e
))
Package hyperref Info: Link coloring ON on input line 75.

(./rapport_final_complet.out) (./rapport_final_complet.out)
\@outlinefile=\write4
\openout4 = `rapport_final_complet.out'.

Package caption Info: Begin \AtBeginDocument code.
Package caption Info: End \AtBeginDocument code.


LaTeX Font Warning: Font shape `T1/cmr/m/n' in size <22> not available
(Font)              size <20.74> substituted on input line 97.


LaTeX Font Warning: Font shape `T1/cmr/bx/n' in size <22> not available
(Font)              size <20.74> substituted on input line 97.


LaTeX Font Warning: Font shape `T1/cmr/m/n' in size <18> not available
(Font)              size <17.28> substituted on input line 98.


LaTeX Font Warning: Font shape `T1/cmr/bx/n' in size <18> not available
(Font)              size <17.28> substituted on input line 98.

LaTeX Font Info:    Trying to load font information for U+msa on input line 126
.
(/usr/share/texlive/texmf-dist/tex/latex/amsfonts/umsa.fd
File: umsa.fd 2013/01/14 v3.01 AMS symbols A
)
LaTeX Font Info:    Trying to load font information for U+msb on input line 126
.

(/usr/share/texlive/texmf-dist/tex/latex/amsfonts/umsb.fd
File: umsb.fd 2013/01/14 v3.01 AMS symbols B
)

[1

{/var/lib/texmf/fonts/map/pdftex/updmap/pdftex.map}]
Overfull \hbox (17.62482pt too wide) in paragraph at lines 197--199
[][]
 []


Underfull \hbox (badness 10000) in paragraph at lines 197--199

 []



[2]
Underfull \hbox (badness 2582) in paragraph at lines 220--220
[]|\T1/cmr/m/n/10.95 Vue d'ensemble in-té-grale de tous les do-maines
 []


Underfull \hbox (badness 1454) in paragraph at lines 220--220
\T1/cmr/m/n/10.95 fi-nan-cières fidu-ci-aires et recom-man-da-tions pri-or-i-
 []

<reports/charts/00_SYNTHESE_FINALE.png, id=26, 1315.314pt x 999.4941pt>
File: reports/charts/00_SYNTHESE_FINALE.png Graphic file (type png)
<use reports/charts/00_SYNTHESE_FINALE.png>
Package pdftex.def Info: reports/charts/00_SYNTHESE_FINALE.png  used on input l
ine 225.
(pdftex.def)             Requested size: 336.9962pt x 256.08008pt.


[3 <./reports/charts/00_SYNTHESE_FINALE.png>]
<reports/charts/01_recommandations_domaines.png, id=37, 1149.093pt x 711.6186pt
>
File: reports/charts/01_recommandations_domaines.png Graphic file (type png)
<use reports/charts/01_recommandations_domaines.png>
Package pdftex.def Info: reports/charts/01_recommandations_domaines.png  used o
n input line 253.
(pdftex.def)             Requested size: 413.49783pt x 256.07391pt.


[4 <./reports/charts/01_recommandations_domaines.png>]
Underfull \hbox (badness 1009) in paragraph at lines 276--276
\T1/cmr/m/n/10.95 95/100, dépen-dances cri-tiques mul-ti-ples). En-vi-
 []

<reports/charts/02_matrice_priorite.png, id=45, 952.2777pt x 800.9925pt>
File: reports/charts/02_matrice_priorite.png Graphic file (type png)
<use reports/charts/02_matrice_priorite.png>
Package pdftex.def Info: reports/charts/02_matrice_priorite.png  used on input 
line 281.
(pdftex.def)             Requested size: 304.44447pt x 256.07838pt.


[5 <./reports/charts/02_matrice_priorite.png>]
! LaTeX Error: Unicode character âœ“ (U+2713)
               not set up for use with LaTeX.

See the LaTeX manual or LaTeX Companion for explanation.
Type  H <return>  for immediate help.
 ...                                              
                                                  
l.304 \end{tabularx}
                    
You may provide a definition with
\DeclareUnicodeCharacter 

! LaTeX Error: Unicode character âœ“ (U+2713)
               not set up for use with LaTeX.

See the LaTeX manual or LaTeX Companion for explanation.
Type  H <return>  for immediate help.
 ...                                              
                                                  
l.304 \end{tabularx}
                    
You may provide a definition with
\DeclareUnicodeCharacter 

! LaTeX Error: Unicode character âœ“ (U+2713)
               not set up for use with LaTeX.

See the LaTeX manual or LaTeX Companion for explanation.
Type  H <return>  for immediate help.
 ...                                              
                                                  
l.304 \end{tabularx}
                    
You may provide a definition with
\DeclareUnicodeCharacter 

! LaTeX Error: Unicode character âœ“ (U+2713)
               not set up for use with LaTeX.

See the LaTeX manual or LaTeX Companion for explanation.
Type  H <return>  for immediate help.
 ...                                              
                                                  
l.304 \end{tabularx}
                    
You may provide a definition with
\DeclareUnicodeCharacter 


! LaTeX Error: Unicode character âœ“ (U+2713)
               not set up for use with LaTeX.

See the LaTeX manual or LaTeX Companion for explanation.
Type  H <return>  for immediate help.
 ...                                              
                                                  
l.304 \end{tabularx}
                    
You may provide a definition with
\DeclareUnicodeCharacter 


! LaTeX Error: Unicode character âœ“ (U+2713)
               not set up for use with LaTeX.

See the LaTeX manual or LaTeX Companion for explanation.
Type  H <return>  for immediate help.
 ...                                              
                                                  
l.304 \end{tabularx}
                    
You may provide a definition with
\DeclareUnicodeCharacter 


Underfull \hbox (badness 1776) in paragraph at lines 304--304
[]|\T1/cmr/m/n/10.95 Diagramme Gantt dé-taillé or-ches-trant 12 ini-tia-
 []


Underfull \hbox (badness 1077) in paragraph at lines 304--304
\T1/cmr/m/n/10.95 SAP (18 mois Q2 2025-Q3 2026). Ex-plo-ration
 []

<reports/charts/03_timeline_execution.png, id=53, 1148.6112pt x 638.8668pt>
File: reports/charts/03_timeline_execution.png Graphic file (type png)
<use reports/charts/03_timeline_execution.png>
Package pdftex.def Info: reports/charts/03_timeline_execution.png  used on inpu
t line 309.
(pdftex.def)             Requested size: 460.4003pt x 256.07834pt.


[6 <./reports/charts/03_timeline_execution.png>]
Underfull \hbox (badness 10000) in paragraph at lines 332--332
[]|\T1/cmr/m/n/10.95 Projections financières-opérationnelles dé-tail-lées
 []


Underfull \hbox (badness 1484) in paragraph at lines 332--332
\T1/cmr/m/n/10.95 (vs in-dus-trie 3.5%). Revenus pro-gres-sion USD
 []


Underfull \hbox (badness 2005) in paragraph at lines 332--332
\T1/cmr/m/n/10.95 65% opéra-tionnel minier, 20% sup-port ser-vices,
 []


Underfull \hbox (badness 2591) in paragraph at lines 332--332
[]|\T1/cmr/m/n/10.95 Detailed financial-operational fore-casts 2025-2030
 []

<reports/charts/04_previsions_5ans_complet.png, id=62, 943.8462pt x 673.5564pt>

File: reports/charts/04_previsions_5ans_complet.png Graphic file (type png)
<use reports/charts/04_previsions_5ans_complet.png>
Package pdftex.def Info: reports/charts/04_previsions_5ans_complet.png  used on
 input line 337.
(pdftex.def)             Requested size: 358.8381pt x 256.07742pt.


[7 <./reports/charts/04_previsions_5ans_complet.png>]
Underfull \hbox (badness 1142) in paragraph at lines 360--360
\T1/cmr/m/n/10.95 a-tive in-dex-ing ver-sus 2024 base-line per-for-mance.
 []

<reports/charts/05_index_croissance_comparatif.png, id=71, 1003.1076pt x 568.04
22pt>
File: reports/charts/05_index_croissance_comparatif.png Graphic file (type png)

<use reports/charts/05_index_croissance_comparatif.png>
Package pdftex.def Info: reports/charts/05_index_croissance_comparatif.png  use
d on input line 365.
(pdftex.def)             Requested size: 452.20547pt x 256.076pt.


[8 <./reports/charts/05_index_croissance_comparatif.png>]
<reports/charts/06_revenue_roi_forecast.png, id=79, 1146.2022pt x 497.2176pt>
File: reports/charts/06_revenue_roi_forecast.png Graphic file (type png)
<use reports/charts/06_revenue_roi_forecast.png>
Package pdftex.def Info: reports/charts/06_revenue_roi_forecast.png  used on in
put line 393.
(pdftex.def)             Requested size: 512.14839pt x 222.16777pt.


[9 <./reports/charts/06_revenue_roi_forecast.png>]
Underfull \hbox (badness 2020) in paragraph at lines 416--416
[]|\T1/cmr/m/n/10.95 Characterisation gise-ments ge-ologiques avec evo-
 []

<reports/charts/07_geologie_reserves_teneur.png, id=87, 972.5133pt x 694.9965pt
>
File: reports/charts/07_geologie_reserves_teneur.png Graphic file (type png)
<use reports/charts/07_geologie_reserves_teneur.png>
Package pdftex.def Info: reports/charts/07_geologie_reserves_teneur.png  used o
n input line 421.
(pdftex.def)             Requested size: 358.34036pt x 256.0842pt.


[10 <./reports/charts/07_geologie_reserves_teneur.png>]
Underfull \hbox (badness 1270) in paragraph at lines 444--444
\T1/cmr/m/n/10.95 (USD 50.3M al-lo-ca-tion to-tale). For-ages met-al-
 []

<reports/charts/08_geologie_timeline_exploration.png, id=95, 1150.2975pt x 638.
8668pt>
File: reports/charts/08_geologie_timeline_exploration.png Graphic file (type pn
g)
<use reports/charts/08_geologie_timeline_exploration.png>
Package pdftex.def Info: reports/charts/08_geologie_timeline_exploration.png  u
sed on input line 449.
(pdftex.def)             Requested size: 461.07622pt x 256.07834pt.


[11 <./reports/charts/08_geologie_timeline_exploration.png>]
<reports/charts/09_logistique_optimisations.png, id=103, 1003.1076pt x 640.3122
pt>
File: reports/charts/09_logistique_optimisations.png Graphic file (type png)
<use reports/charts/09_logistique_optimisations.png>
Package pdftex.def Info: reports/charts/09_logistique_optimisations.png  used o
n input line 477.
(pdftex.def)             Requested size: 401.17471pt x 256.08125pt.


[12]

[13 <./reports/charts/09_logistique_optimisations.png>]
Underfull \hbox (badness 1910) in paragraph at lines 500--500
\T1/cmr/m/n/10.95 ment +26.2pp. In-ter-ven-tion costs: USD 45K
 []


Underfull \hbox (badness 1342) in paragraph at lines 500--500
\T1/cmr/m/n/10.95 au-dit+remediation (tools, con-sult-ing 400 per-son-
 []


Underfull \hbox (badness 1400) in paragraph at lines 500--500
\T1/cmr/m/n/10.95 nel hours). Busi-ness im-pact: fore-cast re-li-a-bil-
 []

<reports/charts/10_logistique_data_cleaning.png, id=117, 1148.8521pt x 496.4949
pt>
File: reports/charts/10_logistique_data_cleaning.png Graphic file (type png)
<use reports/charts/10_logistique_data_cleaning.png>
Package pdftex.def Info: reports/charts/10_logistique_data_cleaning.png  used o
n input line 505.
(pdftex.def)             Requested size: 512.15791pt x 221.33727pt.


[14 <./reports/charts/10_logistique_data_cleaning.png>]
<reports/charts/02_production_analysis.png, id=125, 951.0732pt x 674.2791pt>
File: reports/charts/02_production_analysis.png Graphic file (type png)
<use reports/charts/02_production_analysis.png>
Package pdftex.def Info: reports/charts/02_production_analysis.png  used on inp
ut line 533.
(pdftex.def)             Requested size: 361.2084pt x 256.08467pt.


[15 <./reports/charts/02_production_analysis.png>]
<reports/charts/03_recommandations_production.png, id=133, 1148.6112pt x 993.47
16pt>
File: reports/charts/03_recommandations_production.png Graphic file (type png)
<use reports/charts/03_recommandations_production.png>
Package pdftex.def Info: reports/charts/03_recommandations_production.png  used
 on input line 561.
(pdftex.def)             Requested size: 296.0555pt x 256.06813pt.


[16 <./reports/charts/03_recommandations_production.png>]
Underfull \hbox (badness 1043) in paragraph at lines 584--584
[]|\T1/cmr/m/n/10.95 Stratégie HR crescendo 2024-2030 créa-tion 7,350
 []


Underfull \hbox (badness 1038) in paragraph at lines 584--584
\T1/cmr/m/n/10.95 7,350 po-si-tions. Head-count dis-tri-bu-tion growth:
 []


Underfull \hbox (badness 1708) in paragraph at lines 584--584
\T1/cmr/m/n/10.95 part-men-tal break-down: 65% op-er-a-tional min-ing
 []

<reports/charts/01_rh_analysis.png, id=141, 951.0732pt x 643.203pt>
File: reports/charts/01_rh_analysis.png Graphic file (type png)
<use reports/charts/01_rh_analysis.png>
Package pdftex.def Info: reports/charts/01_rh_analysis.png  used on input line 
589.
(pdftex.def)             Requested size: 378.65205pt x 256.07927pt.


[17]

[18 <./reports/charts/01_rh_analysis.png>]
Underfull \hbox (badness 1163) in paragraph at lines 612--612
\T1/cmr/m/n/10.95 1 ex-e-cu-tion (2025): re-cruit-ment 2,100 new em-
 []


Underfull \hbox (badness 2980) in paragraph at lines 612--612
\T1/cmr/m/n/10.95 ploy-ees break-down 45% in-ter-nal pro-mo-tion ad-
 []


Underfull \hbox (badness 1237) in paragraph at lines 612--612
\T1/cmr/m/n/10.95 reer pro-gres-sion path-ways de-fined roles ad-vance-
 []

<reports/charts/04_recommandations_rh.png, id=154, 1147.8885pt x 994.917pt>
File: reports/charts/04_recommandations_rh.png Graphic file (type png)
<use reports/charts/04_recommandations_rh.png>
Package pdftex.def Info: reports/charts/04_recommandations_rh.png  used on inpu
t line 617.
(pdftex.def)             Requested size: 295.44885pt x 256.07634pt.


[19]

[20 <./reports/charts/04_recommandations_rh.png>]
Underfull \hbox (badness 1092) in paragraph at lines 640--640
\T1/cmr/m/n/10.95 Pro-duc-tion 35% (USD 85.75M), Géolo-gie Ex-plo-
 []

<reports/charts/05_recommandations_finances.png, id=168, 1147.6476pt x 995.3988
pt>
File: reports/charts/05_recommandations_finances.png Graphic file (type png)
<use reports/charts/05_recommandations_finances.png>
Package pdftex.def Info: reports/charts/05_recommandations_finances.png  used o
n input line 645.
(pdftex.def)             Requested size: 295.24675pt x 256.07883pt.


[21 <./reports/charts/05_recommandations_finances.png>]
Underfull \hbox (badness 2644) in paragraph at lines 668--668
[]|\T1/cmr/m/n/10.95 Programme in-té-gré sécu-rité zero-accident op-er-a-
 []

<reports/charts/06_recommandations_securite.png, id=177, 1147.6476pt x 993.7125
pt>
File: reports/charts/06_recommandations_securite.png Graphic file (type png)
<use reports/charts/06_recommandations_securite.png>
Package pdftex.def Info: reports/charts/06_recommandations_securite.png  used o
n input line 673.
(pdftex.def)             Requested size: 295.73708pt x 256.06956pt.


[22]

[23 <./reports/charts/06_recommandations_securite.png>]
<reports/charts/11_environnement_conformite.png, id=190, 1148.8521pt x 853.5087
pt>
File: reports/charts/11_environnement_conformite.png Graphic file (type png)
<use reports/charts/11_environnement_conformite.png>
Package pdftex.def Info: reports/charts/11_environnement_conformite.png  used o
n input line 701.
(pdftex.def)             Requested size: 344.67583pt x 256.06761pt.


[24]

[25 <./reports/charts/11_environnement_conformite.png>]
<reports/charts/11_geologie_gisements.png, id=204, 1153.6701pt x 860.013pt>
File: reports/charts/11_geologie_gisements.png Graphic file (type png)
<use reports/charts/11_geologie_gisements.png>
Package pdftex.def Info: reports/charts/11_geologie_gisements.png  used on inpu
t line 729.
(pdftex.def)             Requested size: 343.51598pt x 256.07684pt.


[26 <./reports/charts/11_geologie_gisements.png>]
Underfull \hbox (badness 1616) in paragraph at lines 752--752
[]|\T1/cmr/m/n/10.95 Programme main-te-nance préven-tive et pré-dic-tive
 []

<reports/charts/12_maintenance_equipements.png, id=212, 1149.093pt x 853.5087pt
>
File: reports/charts/12_maintenance_equipements.png Graphic file (type png)
<use reports/charts/12_maintenance_equipements.png>
Package pdftex.def Info: reports/charts/12_maintenance_equipements.png  used on
 input line 757.
(pdftex.def)             Requested size: 344.7481pt x 256.06761pt.


[27]

[28 <./reports/charts/12_maintenance_equipements.png>]
<reports/charts/12_predictions_5ans_premium.png, id=225, 1204.7409pt x 922.8879
pt>
File: reports/charts/12_predictions_5ans_premium.png Graphic file (type png)
<use reports/charts/12_predictions_5ans_premium.png>
Package pdftex.def Info: reports/charts/12_predictions_5ans_premium.png  used o
n input line 785.
(pdftex.def)             Requested size: 334.2736pt x 256.06921pt.


[29]

[30 <./reports/charts/12_predictions_5ans_premium.png>]
Underfull \hbox (badness 3128) in paragraph at lines 808--808
[]|\T1/cmr/m/n/10.95 Comprehensive dig-i-tal trans-for-ma-tion IT in-fras-
 []


Underfull \hbox (badness 5036) in paragraph at lines 808--808
\T1/cmr/m/n/10.95 truc-ture 2024-2030 (USD 36.8M capex al-lo-ca-
 []

<reports/charts/13_informatique_infrastructure.png, id=237, 1148.8521pt x 853.5
087pt>
File: reports/charts/13_informatique_infrastructure.png Graphic file (type png)

<use reports/charts/13_informatique_infrastructure.png>
Package pdftex.def Info: reports/charts/13_informatique_infrastructure.png  use
d on input line 813.
(pdftex.def)             Requested size: 344.67583pt x 256.06761pt.


[31]

[32 <./reports/charts/13_informatique_infrastructure.png>]
Underfull \hbox (badness 2134) in paragraph at lines 836--836
\T1/cmr/m/n/10.95 2030. Man-age-ment ex-ec-u-tive: CEO pres-i-dent
 []


Underfull \hbox (badness 1142) in paragraph at lines 836--836
\T1/cmr/m/n/10.95 views, Monthly board re-port-ing fi-nan-cial per-for-
 []

<reports/charts/14_direction_strategie_kpis.png, id=251, 1293.633pt x 711.8595p
t>
File: reports/charts/14_direction_strategie_kpis.png Graphic file (type png)
<use reports/charts/14_direction_strategie_kpis.png>
Package pdftex.def Info: reports/charts/14_direction_strategie_kpis.png  used o
n input line 841.
(pdftex.def)             Requested size: 465.35222pt x 256.0737pt.


[33]

[34 <./reports/charts/14_direction_strategie_kpis.png>]
<reports/charts/15_executive_dashboard.png, id=264, 1093.686pt x 674.2791pt>
File: reports/charts/15_executive_dashboard.png Graphic file (type png)
<use reports/charts/15_executive_dashboard.png>
Package pdftex.def Info: reports/charts/15_executive_dashboard.png  used on inp
ut line 869.
(pdftex.def)             Requested size: 415.37137pt x 256.08467pt.


[35 <./reports/charts/15_executive_dashboard.png>]
<reports/charts/security_environment_analysis.png, id=272, 995.8806pt x 711.377
7pt>
File: reports/charts/security_environment_analysis.png Graphic file (type png)
<use reports/charts/security_environment_analysis.png>
Package pdftex.def Info: reports/charts/security_environment_analysis.png  used
 on input line 897.
(pdftex.def)             Requested size: 358.48634pt x 256.07407pt.


[36]

[37 <./reports/charts/security_environment_analysis.png>]
Underfull \hbox (badness 1122) in paragraph at lines 920--920
\T1/cmr/m/n/10.95 cor-re-la-tion: vol-ume pro-duc-tion +59% mul-ti-plied
 []

<reports/charts/comprehensive_analysis.png, id=286, 999.4941pt x 814.7238pt>
File: reports/charts/comprehensive_analysis.png Graphic file (type png)
<use reports/charts/comprehensive_analysis.png>
Package pdftex.def Info: reports/charts/comprehensive_analysis.png  used on inp
ut line 925.
(pdftex.def)             Requested size: 314.14076pt x 256.06749pt.


[38 <./reports/charts/comprehensive_analysis.png>]
Underfull \hbox (badness 2990) in paragraph at lines 948--948
[]|\T1/cmr/m/n/10.95 Programme sécu-rité in-te-gré op-er-a-tional com-plet
 []


Underfull \hbox (badness 1596) in paragraph at lines 948--948
\T1/cmr/m/n/10.95 2024-2030. Pre-ven-tion strat-egy im-ple-men-ta-tion:
 []

<reports/charts/03_security_analysis.png, id=294, 1006.4802pt x 674.2791pt>
File: reports/charts/03_security_analysis.png Graphic file (type png)
<use reports/charts/03_security_analysis.png>
Package pdftex.def Info: reports/charts/03_security_analysis.png  used on input
 line 953.
(pdftex.def)             Requested size: 382.25143pt x 256.08467pt.


[39]

[40 <./reports/charts/03_security_analysis.png>]

[41] 
enddocument/afterlastpage (AED): lastpage setting LastPage.
(./rapport_final_complet.aux)
 ***********
LaTeX2e <2024-11-01> patch level 2
L3 programming layer <2025-01-18>
 ***********


LaTeX Font Warning: Size substitutions with differences
(Font)              up to 1.26pt have occurred.


LaTeX Warning: Label(s) may have changed. Rerun to get cross-references right.

Package rerunfilecheck Info: File `rapport_final_complet.out' has not changed.
(rerunfilecheck)             Checksum: D41D8CD98F00B204E9800998ECF8427E;0.
 ) 
Here is how much of TeX's memory you used:
 25246 strings out of 475178
 466426 string characters out of 5766538
 848285 words of memory out of 5000000
 47740 multiletter control sequences out of 15000+600000
 578534 words of font info for 81 fonts, out of 8000000 for 9000
 14 hyphenation exceptions out of 8191
 102i,11n,107p,2195b,531s stack positions out of 10000i,1000n,20000p,200000b,200000s
 </home/yannick-magayane/.texlive2025/texmf-var/fonts/pk/ljfour/jknappen/ec/t
crm1200.600pk> </home/yannick-magayane/.texlive2025/texmf-var/fonts/pk/ljfour/j
knappen/ec/ecrm1728.600pk> </home/yannick-magayane/.texlive2025/texmf-var/fonts
/pk/ljfour/jknappen/ec/ecbx2488.600pk> </home/yannick-magayane/.texlive2025/tex
mf-var/fonts/pk/ljfour/jknappen/ec/tcrm1095.600pk> </home/yannick-magayane/.tex
live2025/texmf-var/fonts/pk/ljfour/jknappen/ec/ecrm1095.600pk> </home/yannick-m
agayane/.texlive2025/texmf-var/fonts/pk/ljfour/jknappen/ec/ecrm1200.600pk> </ho
me/yannick-magayane/.texlive2025/texmf-var/fonts/pk/ljfour/jknappen/ec/ecrm1000
.600pk> </home/yannick-magayane/.texlive2025/texmf-var/fonts/pk/ljfour/jknappen
/ec/ecbx1000.600pk> </home/yannick-magayane/.texlive2025/texmf-var/fonts/pk/ljf
our/jknappen/ec/ecbx0600.600pk> </home/yannick-magayane/.texlive2025/texmf-var/
fonts/pk/ljfour/jknappen/ec/ecbx1095.600pk> </home/yannick-magayane/.texlive202
5/texmf-var/fonts/pk/ljfour/jknappen/ec/ecbx1440.600pk> </home/yannick-magayane
/.texlive2025/texmf-var/fonts/pk/ljfour/jknappen/ec/ecbx1200.600pk> </home/yann
ick-magayane/.texlive2025/texmf-var/fonts/pk/ljfour/jknappen/ec/ecbx2074.600pk>
 </home/yannick-magayane/.texlive2025/texmf-var/fonts/pk/ljfour/jknappen/ec/ecr
m0600.600pk> </home/yannick-magayane/.texlive2025/texmf-var/fonts/pk/ljfour/jkn
appen/ec/ecbx1728.600pk>
Output written on rapport_final_complet.pdf (41 pages, 10775796 bytes).
PDF statistics:
 846 PDF objects out of 1000 (max. 8388607)
 281 compressed objects within 3 object streams
 69 named destinations out of 1000 (max. 500000)
 148 words of extra memory for PDF output out of 10000 (max. 10000000)

